2024-06-21 14:16:37 Produced message on topic sentences with value of {"sentence": "The chivalrous photograph throws ethyl."}

2024-06-21 14:16:38 Produced message on topic sentences with value of {"sentence": "The worried visor overhears concentrate."}

2024-06-21 14:16:39 Produced message on topic sentences with value of {"sentence": "The exultant discrimination shades catsup."}

2024-06-21 14:16:40 Produced message on topic sentences with value of {"sentence": "The abundant sarong pours comprehension."}

2024-06-21 14:16:42 Produced message on topic sentences with value of {"sentence": "The longing adverb pauses nonconformist."}

2024-06-21 14:16:43 Produced message on topic sentences with value of {"sentence": "The purring shark assures comportment."}

2024-06-21 14:16:44 Produced message on topic sentences with value of {"sentence": "The nifty cyclone suggests gym."}

2024-06-21 14:16:45 Produced message on topic sentences with value of {"sentence": "The rambunctious reciprocity unfastens octavo."}

2024-06-21 14:16:46 Produced message on topic sentences with value of {"sentence": "The mushy ingredient thrives leptocephalus."}

2024-06-21 14:16:47 Produced message on topic sentences with value of {"sentence": "The nosy wrap initiates melody."}

2024-06-21 14:16:48 Produced message on topic sentences with value of {"sentence": "The temporary clover zooms allowance."}

2024-06-21 14:16:49 Produced message on topic sentences with value of {"sentence": "The broken transplantation trots screening."}

2024-06-21 14:16:50 Produced message on topic sentences with value of {"sentence": "The miniature pagoda clarifies grammar."}

2024-06-21 14:16:51 Produced message on topic sentences with value of {"sentence": "The foamy inspector signals gasket."}

2024-06-21 14:16:52 Produced message on topic sentences with value of {"sentence": "The aloof lode thrives genius."}

2024-06-21 14:16:53 Produced message on topic sentences with value of {"sentence": "The delicious flume schedules arena."}

2024-06-21 14:16:54 Produced message on topic sentences with value of {"sentence": "The quack pamphlet winds depot."}

2024-06-21 14:16:55 Produced message on topic sentences with value of {"sentence": "The teeny-tiny concern inventories swimming."}

2024-06-21 14:16:56 Produced message on topic sentences with value of {"sentence": "The jealous glove fancies risk."}

2024-06-21 14:16:57 Produced message on topic sentences with value of {"sentence": "The steadfast faithful analyzes mortgage."}

2024-06-21 14:16:58 Produced message on topic sentences with value of {"sentence": "The parched inspection corrects conga."}

2024-06-21 14:16:59 Produced message on topic sentences with value of {"sentence": "The squeamish database lifteds stew."}

2024-06-21 14:17:00 Produced message on topic sentences with value of {"sentence": "The known cohort fastens registration."}

2024-06-21 14:17:01 Produced message on topic sentences with value of {"sentence": "The splendid equivalent alights private."}

2024-06-21 14:17:02 Produced message on topic sentences with value of {"sentence": "The defective tool smells farming."}

2024-06-21 14:17:03 Produced message on topic sentences with value of {"sentence": "The maddening wad sucks underestimate."}

2024-06-21 14:17:04 Produced message on topic sentences with value of {"sentence": "The easy memorial photographs helmet."}

2024-06-21 14:17:05 Produced message on topic sentences with value of {"sentence": "The sassy usage floats leave."}

2024-06-21 14:17:06 Produced message on topic sentences with value of {"sentence": "The addicted arithmetic mentors probability."}

2024-06-21 14:17:07 Produced message on topic sentences with value of {"sentence": "The handsome compulsion experiments weekender."}

2024-06-21 14:17:08 Produced message on topic sentences with value of {"sentence": "The fretful lack flings guava."}

2024-06-21 14:17:09 Produced message on topic sentences with value of {"sentence": "The graceful psychiatrist looks curse."}

2024-06-21 14:17:10 Produced message on topic sentences with value of {"sentence": "The innocent insect waters priest."}

2024-06-21 14:17:11 Produced message on topic sentences with value of {"sentence": "The embarrassed sectional whirls tax."}

2024-06-21 14:17:12 Produced message on topic sentences with value of {"sentence": "The voiceless compassionate organizes vellum."}

2024-06-21 14:17:13 Produced message on topic sentences with value of {"sentence": "The legal freak lectures onset."}

2024-06-21 14:17:14 Produced message on topic sentences with value of {"sentence": "The super conscience pilots hire."}

2024-06-21 14:17:15 Produced message on topic sentences with value of {"sentence": "The peaceful necklace sets domain."}

2024-06-21 14:17:16 Produced message on topic sentences with value of {"sentence": "The fierce rostrum floods period."}

2024-06-21 14:17:17 Produced message on topic sentences with value of {"sentence": "The poised likeness eliminates vertigo."}

2024-06-21 14:17:18 Produced message on topic sentences with value of {"sentence": "The acoustic windscreen pioneers art."}

2024-06-21 14:17:19 Produced message on topic sentences with value of {"sentence": "The finicky bitten disarms dirndl."}

2024-06-21 14:17:20 Produced message on topic sentences with value of {"sentence": "The rainy batter disproves vista."}

2024-06-21 14:17:21 Produced message on topic sentences with value of {"sentence": "The overconfident supplier overflows college."}

2024-06-21 14:17:22 Produced message on topic sentences with value of {"sentence": "The excellent repeat films orient."}

2024-06-21 14:17:23 Produced message on topic sentences with value of {"sentence": "The cloistered kohlrabi avoids glue."}

2024-06-21 14:17:24 Produced message on topic sentences with value of {"sentence": "The lean commission finances sequence."}

2024-06-21 14:17:25 Produced message on topic sentences with value of {"sentence": "The muddled bee lays athletics."}

2024-06-21 14:17:26 Produced message on topic sentences with value of {"sentence": "The nifty frequency jams choker."}

2024-06-21 14:17:27 Produced message on topic sentences with value of {"sentence": "The adorable roof admits star."}

2024-06-21 14:17:28 Produced message on topic sentences with value of {"sentence": "The half appeal uses public."}

2024-06-21 14:17:29 Produced message on topic sentences with value of {"sentence": "The grotesque hub suspects spinach."}

2024-06-21 14:17:30 Produced message on topic sentences with value of {"sentence": "The jumpy eyelashes counsels pile."}

2024-06-21 14:17:31 Produced message on topic sentences with value of {"sentence": "The tasteful exterior fools visual."}

2024-06-21 14:17:32 Produced message on topic sentences with value of {"sentence": "The volatile siding dares respite."}

2024-06-21 14:17:34 Produced message on topic sentences with value of {"sentence": "The dusty rack sweats nonsense."}

2024-06-21 14:17:35 Produced message on topic sentences with value of {"sentence": "The receptive tarragon photographs creationism."}

2024-06-21 14:17:36 Produced message on topic sentences with value of {"sentence": "The humdrum vertigo flashes micronutrient."}

2024-06-21 14:17:37 Produced message on topic sentences with value of {"sentence": "The tearful clipper pleases enzyme."}

2024-06-21 14:17:38 Produced message on topic sentences with value of {"sentence": "The supreme bull shivers rape."}

2024-06-21 14:17:39 Produced message on topic sentences with value of {"sentence": "The kaput stew bites rethinking."}

2024-06-21 14:17:40 Produced message on topic sentences with value of {"sentence": "The exuberant clave rubs aftershock."}

2024-06-21 14:17:41 Produced message on topic sentences with value of {"sentence": "The absent quadrant suspends weapon."}

2024-06-21 14:17:42 Produced message on topic sentences with value of {"sentence": "The quizzical rocker innovates scene."}

2024-06-21 14:17:43 Produced message on topic sentences with value of {"sentence": "The adamant nut taps watch."}

2024-06-21 14:17:44 Produced message on topic sentences with value of {"sentence": "The petite cow stares responsibility."}

2024-06-21 14:17:45 Produced message on topic sentences with value of {"sentence": "The envious grouper clarifies variation."}

2024-06-21 14:17:46 Produced message on topic sentences with value of {"sentence": "The flashy playroom waters reception."}

2024-06-21 14:17:47 Produced message on topic sentences with value of {"sentence": "The ragged solvency tears CD."}

2024-06-21 14:17:48 Produced message on topic sentences with value of {"sentence": "The ugliest noise squashes tabby."}

2024-06-21 14:17:49 Produced message on topic sentences with value of {"sentence": "The disgusted weight squeaks e-reader."}

2024-06-21 14:17:50 Produced message on topic sentences with value of {"sentence": "The short caterpillar spares spacing."}

2024-06-21 14:17:51 Produced message on topic sentences with value of {"sentence": "The thirsty dysfunction hypothesizes pacemaker."}

2024-06-21 14:17:52 Produced message on topic sentences with value of {"sentence": "The cooing speakerphone crashes wedding."}

2024-06-21 14:17:53 Produced message on topic sentences with value of {"sentence": "The flagrant cube labels carbohydrate."}

2024-06-21 14:17:54 Produced message on topic sentences with value of {"sentence": "The healthy goodie decays temptress."}

2024-06-21 14:17:55 Produced message on topic sentences with value of {"sentence": "The aboard goodbye modifies patroller."}

2024-06-21 14:17:56 Produced message on topic sentences with value of {"sentence": "The watchful kick-off groans astrolabe."}

2024-06-21 14:17:57 Produced message on topic sentences with value of {"sentence": "The overwrought logistics kepts wing."}

2024-06-21 14:17:58 Produced message on topic sentences with value of {"sentence": "The didactic sportsman perceives hurdle."}

2024-06-21 14:17:59 Produced message on topic sentences with value of {"sentence": "The domineering decoration sweeps map."}

2024-06-21 14:18:00 Produced message on topic sentences with value of {"sentence": "The cooperative liability deserts canon."}

2024-06-21 14:18:01 Produced message on topic sentences with value of {"sentence": "The alleged ratio directs temporary."}

2024-06-21 14:18:02 Produced message on topic sentences with value of {"sentence": "The curious trim interlays globe."}

2024-06-21 14:18:03 Produced message on topic sentences with value of {"sentence": "The hypnotic rice stretches article."}

2024-06-21 14:18:04 Produced message on topic sentences with value of {"sentence": "The faint prosecution burns consonant."}

2024-06-21 14:18:05 Produced message on topic sentences with value of {"sentence": "The hospitable verve licks instruction."}

2024-06-21 14:18:06 Produced message on topic sentences with value of {"sentence": "The sable knife-edge winds motel."}

2024-06-21 14:18:07 Produced message on topic sentences with value of {"sentence": "The youthful chaise watches wave."}

2024-06-21 14:18:08 Produced message on topic sentences with value of {"sentence": "The jealous dispatch phones boom."}

2024-06-21 14:18:09 Produced message on topic sentences with value of {"sentence": "The funny knock looks phrase."}

2024-06-21 14:18:10 Produced message on topic sentences with value of {"sentence": "The succinct corruption wants mall."}

2024-06-21 14:18:11 Produced message on topic sentences with value of {"sentence": "The mere tablet soothes tugboat."}

2024-06-21 14:18:12 Produced message on topic sentences with value of {"sentence": "The somber thermostat reports drum."}

2024-06-21 14:18:13 Produced message on topic sentences with value of {"sentence": "The acceptable caffeine composes equation."}

2024-06-21 14:18:14 Produced message on topic sentences with value of {"sentence": "The irate feedback permits dependency."}

2024-06-21 14:18:15 Produced message on topic sentences with value of {"sentence": "The quizzical pile snows bridge."}

2024-06-21 14:18:16 Produced message on topic sentences with value of {"sentence": "The grubby van preaches saving."}

2024-06-21 14:18:17 Produced message on topic sentences with value of {"sentence": "The cynical challenge undertakes patrimony."}

2024-06-21 14:18:18 Produced message on topic sentences with value of {"sentence": "The nifty spread secures nursery."}

2024-06-21 14:18:19 Produced message on topic sentences with value of {"sentence": "The stingy burlesque publicizes credibility."}

2024-06-21 14:18:21 Produced message on topic sentences with value of {"sentence": "The short daughter speeds hunchback."}

2024-06-21 14:18:22 Produced message on topic sentences with value of {"sentence": "The zealous angora analyzes gosling."}

2024-06-21 14:18:23 Produced message on topic sentences with value of {"sentence": "The tawdry pinto flees marksman."}

2024-06-21 14:18:24 Produced message on topic sentences with value of {"sentence": "The wasteful fool scrubs vinegar."}

2024-06-21 14:18:25 Produced message on topic sentences with value of {"sentence": "The rich bow packs initialise."}

2024-06-21 14:18:26 Produced message on topic sentences with value of {"sentence": "The lamentable security proofreads inch."}

